nohup: ignoring input
2020-10-04 01:57:56.384130: W tensorflow/stream_executor/platform/default/dso_loader.cc:55] Could not load dynamic library 'libnvinfer.so.6'; dlerror: libnvinfer.so.6: cannot open shared object file: No such file or directory; LD_LIBRARY_PATH: /shared/why16gzl/Downloads/Downloads/cuda_10_2/cuda-10.2/lib64:/shared/why16gzl/Downloads/gurobi811/linux64/lib
2020-10-04 01:57:56.384278: W tensorflow/stream_executor/platform/default/dso_loader.cc:55] Could not load dynamic library 'libnvinfer_plugin.so.6'; dlerror: libnvinfer_plugin.so.6: cannot open shared object file: No such file or directory; LD_LIBRARY_PATH: /shared/why16gzl/Downloads/Downloads/cuda_10_2/cuda-10.2/lib64:/shared/why16gzl/Downloads/gurobi811/linux64/lib
2020-10-04 01:57:56.384295: W tensorflow/compiler/tf2tensorrt/utils/py_utils.cc:30] Cannot dlopen some TensorRT libraries. If you would like to use Nvidia GPU with TensorRT, please make sure the missing libraries mentioned above are installed properly.
[nltk_data] Downloading package stopwords to
[nltk_data]     /home1/w/why16gzl/nltk_data...
[nltk_data]   Package stopwords is already up-to-date!
[nltk_data] Downloading package wordnet to
[nltk_data]     /home1/w/why16gzl/nltk_data...
[nltk_data]   Package wordnet is already up-to-date!
torch.cuda.is_available():  True
True
Loaded data object from ../data/wikihow_process/data_subsrl_1sv_1sa_argtrim.bin
==ATTN==  62277  sequences.
Traceback (most recent call last):
  File "backend.py", line 36, in <module>
    M.load(model_bin)
  File "/mnt/cogcomp-archive/shared/why16gzl/Muhao_CoNLL/Event_Process_Typing/run_joint/jointSSmrl_roberta_bias.py", line 495, in load
    f = open(filename,'rb')
FileNotFoundError: [Errno 2] No such file or directory: './full_model/full_model_sptoken_ep121_a1.0_m1-0.1_m2-0.1.bin'
